{"message":"hello","level":"info"}
{"message":"GET /css/ajax-loader.gif 라우터가 없습니다.","level":"error"}
{"message":"hello","level":"info"}
{"message":"GET /css/ajax-loader.gif 라우터가 없습니다.","level":"error"}
{"message":"hello","level":"info"}
{"message":"GET /css/ajax-loader.gif 라우터가 없습니다.","level":"error"}
{"message":"hello","level":"info"}
{"message":"GET /css/ajax-loader.gif 라우터가 없습니다.","level":"error"}
{"message":"hello","level":"info"}
{"message":"GET /css/ajax-loader.gif 라우터가 없습니다.","level":"error"}
{"message":"hello","level":"info"}
{"message":"GET /css/ajax-loader.gif 라우터가 없습니다.","level":"error"}
{"message":"hello","level":"info"}
{"message":"GET /css/ajax-loader.gif 라우터가 없습니다.","level":"error"}
{"message":"hello","level":"info"}
{"message":"GET /favicon.ico 라우터가 없습니다.","level":"error"}
{"message":"hello","level":"info"}
{"message":"GET /css/ajax-loader.gif 라우터가 없습니다.","level":"error"}
{"message":"hello","level":"info"}
{"message":"GET /css/ajax-loader.gif 라우터가 없습니다.","level":"error"}
{"message":"hello","level":"info"}
{"message":"GET /favicon.ico 라우터가 없습니다.","level":"error"}
{"message":"hello","level":"info"}
{"message":"GET /favicon.ico 라우터가 없습니다.","level":"error"}
{"message":"hello","level":"info"}
{"message":"GET /favicon.ico 라우터가 없습니다.","level":"error"}
{"message":"hello","level":"info"}
{"message":"GET /favicon.ico 라우터가 없습니다.","level":"error"}
{"message":"hello","level":"info"}
{"message":"GET /favicon.ico 라우터가 없습니다.","level":"error"}
{"message":"hello","level":"info"}
{"message":"GET /request/css/reset.css 라우터가 없습니다.","level":"error"}
{"message":"hello","level":"info"}
{"message":"GET /request/css/requestList.css 라우터가 없습니다.","level":"error"}
{"message":"hello","level":"info"}
{"message":"GET /request/css/global.css 라우터가 없습니다.","level":"error"}
{"message":"hello","level":"info"}
{"message":"GET /request/js/requestList.js 라우터가 없습니다.","level":"error"}
{"message":"hello","level":"info"}
{"message":"GET /request/js/search.js 라우터가 없습니다.","level":"error"}
{"message":"hello","level":"info"}
{"message":"GET /request/image/aaaa.png 라우터가 없습니다.","level":"error"}
{"message":"hello","level":"info"}
{"message":"GET /favicon.ico 라우터가 없습니다.","level":"error"}
{"message":"hello","level":"info"}
{"message":"GET /favicon.ico 라우터가 없습니다.","level":"error"}
{"message":"hello","level":"info"}
{"message":"GET /favicon.ico 라우터가 없습니다.","level":"error"}
{"message":"hello","level":"info"}
{"message":"GET /favicon.ico 라우터가 없습니다.","level":"error"}
{"message":"hello","level":"info"}
{"message":"GET /favicon.ico 라우터가 없습니다.","level":"error"}
{"message":"hello","level":"info"}
{"message":"GET /favicon.ico 라우터가 없습니다.","level":"error"}
{"message":"hello","level":"info"}
{"message":"GET /favicon.ico 라우터가 없습니다.","level":"error"}
{"message":"hello","level":"info"}
{"message":"GET /favicon.ico 라우터가 없습니다.","level":"error"}
{"message":"hello","level":"info"}
{"message":"GET /favicon.ico 라우터가 없습니다.","level":"error"}
{"message":"hello","level":"info"}
{"message":"GET /favicon.ico 라우터가 없습니다.","level":"error"}
{"message":"hello","level":"info"}
{"message":"GET /css/ajax-loader.gif 라우터가 없습니다.","level":"error"}
{"message":"hello","level":"info"}
{"message":"GET /css/ajax-loader.gif 라우터가 없습니다.","level":"error"}
{"message":"hello","level":"info"}
{"message":"GET /css/ajax-loader.gif 라우터가 없습니다.","level":"error"}
{"message":"hello","level":"info"}
{"message":"GET /css/ajax-loader.gif 라우터가 없습니다.","level":"error"}
{"message":"hello","level":"info"}
{"message":"GET /css/ajax-loader.gif 라우터가 없습니다.","level":"error"}
{"message":"hello","level":"info"}
{"message":"GET /css/ajax-loader.gif 라우터가 없습니다.","level":"error"}
{"message":"hello","level":"info"}
{"message":"GET /css/ajax-loader.gif 라우터가 없습니다.","level":"error"}
{"message":"hello","level":"info"}
{"message":"GET /css/ajax-loader.gif 라우터가 없습니다.","level":"error"}
{"message":"hello","level":"info"}
{"message":"GET /css/ajax-loader.gif 라우터가 없습니다.","level":"error"}
{"message":"hello","level":"info"}
{"message":"GET /css/ajax-loader.gif 라우터가 없습니다.","level":"error"}
{"message":"hello","level":"info"}
{"message":"GET /css/ajax-loader.gif 라우터가 없습니다.","level":"error"}
{"message":"hello","level":"info"}
{"message":"GET /css/ajax-loader.gif 라우터가 없습니다.","level":"error"}
{"message":"hello","level":"info"}
{"message":"GET /css/ajax-loader.gif 라우터가 없습니다.","level":"error"}
{"message":"hello","level":"info"}
{"message":"GET /favicon.ico 라우터가 없습니다.","level":"error"}
{"message":"hello","level":"info"}
{"message":"GET /favicon.ico 라우터가 없습니다.","level":"error"}
{"message":"hello","level":"info"}
{"message":"GET /circle/css/reset.css 라우터가 없습니다.","level":"error"}
{"message":"hello","level":"info"}
{"message":"GET /circle/css/email.css 라우터가 없습니다.","level":"error"}
{"message":"hello","level":"info"}
{"message":"GET /circle/css/global.css 라우터가 없습니다.","level":"error"}
{"message":"hello","level":"info"}
{"message":"GET /circle/image/aaaa.png 라우터가 없습니다.","level":"error"}
{"message":"hello","level":"info"}
{"message":"GET /circle/css/reset.css 라우터가 없습니다.","level":"error"}
{"message":"hello","level":"info"}
{"message":"GET /circle/css/email.css 라우터가 없습니다.","level":"error"}
{"message":"hello","level":"info"}
{"message":"GET /circle/css/global.css 라우터가 없습니다.","level":"error"}
{"message":"hello","level":"info"}
{"message":"GET /css/ajax-loader.gif 라우터가 없습니다.","level":"error"}
{"message":"hello","level":"info"}
{"message":"GET /css/ajax-loader.gif 라우터가 없습니다.","level":"error"}
{"message":"hello","level":"info"}
{"message":"GET /css/ajax-loader.gif 라우터가 없습니다.","level":"error"}
{"message":"hello","level":"info"}
{"message":"GET /css/ajax-loader.gif 라우터가 없습니다.","level":"error"}
{"message":"hello","level":"info"}
{"message":"GET /css/ajax-loader.gif 라우터가 없습니다.","level":"error"}
{"message":"hello","level":"info"}
{"message":"GET /css/ajax-loader.gif 라우터가 없습니다.","level":"error"}
{"message":"hello","level":"info"}
{"message":"GET /css/ajax-loader.gif 라우터가 없습니다.","level":"error"}
{"message":"hello","level":"info"}
{"message":"GET /css/ajax-loader.gif 라우터가 없습니다.","level":"error"}
{"message":"hello","level":"info"}
{"message":"GET /css/ajax-loader.gif 라우터가 없습니다.","level":"error"}
{"message":"hello","level":"info"}
{"message":"GET /css/ajax-loader.gif 라우터가 없습니다.","level":"error"}
{"message":"hello","level":"info"}
{"message":"GET /css/ajax-loader.gif 라우터가 없습니다.","level":"error"}
{"message":"hello","level":"info"}
{"message":"GET /css/ajax-loader.gif 라우터가 없습니다.","level":"error"}
{"message":"hello","level":"info"}
{"message":"GET /css/ajax-loader.gif 라우터가 없습니다.","level":"error"}
{"message":"hello","level":"info"}
{"message":"GET /css/ajax-loader.gif 라우터가 없습니다.","level":"error"}
{"message":"hello","level":"info"}
{"message":"GET /css/ajax-loader.gif 라우터가 없습니다.","level":"error"}
{"message":"hello","level":"info"}
{"message":"GET /css/ajax-loader.gif 라우터가 없습니다.","level":"error"}
{"message":"hello","level":"info"}
{"message":"GET /css/ajax-loader.gif 라우터가 없습니다.","level":"error"}
{"message":"hello","level":"info"}
{"message":"GET /css/ajax-loader.gif 라우터가 없습니다.","level":"error"}
{"message":"hello","level":"info"}
{"message":"GET /css/ajax-loader.gif 라우터가 없습니다.","level":"error"}
{"message":"hello","level":"info"}
{"message":"GET /css/ajax-loader.gif 라우터가 없습니다.","level":"error"}
{"message":"hello","level":"info"}
{"message":"GET /css/ajax-loader.gif 라우터가 없습니다.","level":"error"}
{"message":"hello","level":"info"}
{"message":"GET /css/ajax-loader.gif 라우터가 없습니다.","level":"error"}
{"message":"hello","level":"info"}
{"message":"GET /css/ajax-loader.gif 라우터가 없습니다.","level":"error"}
{"message":"hello","level":"info"}
{"message":"GET /css/ajax-loader.gif 라우터가 없습니다.","level":"error"}
{"message":"hello","level":"info"}
{"message":"GET /css/ajax-loader.gif 라우터가 없습니다.","level":"error"}
{"message":"hello","level":"info"}
{"message":"GET /css/ajax-loader.gif 라우터가 없습니다.","level":"error"}
{"message":"hello","level":"info"}
{"message":"GET /css/ajax-loader.gif 라우터가 없습니다.","level":"error"}
{"message":"hello","level":"info"}
{"message":"GET /css/ajax-loader.gif 라우터가 없습니다.","level":"error"}
{"message":"hello","level":"info"}
{"message":"GET /css/ajax-loader.gif 라우터가 없습니다.","level":"error"}
{"message":"hello","level":"info"}
{"message":"GET /css/ajax-loader.gif 라우터가 없습니다.","level":"error"}
{"message":"hello","level":"info"}
{"message":"GET /favicon.ico 라우터가 없습니다.","level":"error"}
{"message":"hello","level":"info"}
{"message":"GET /css/ajax-loader.gif 라우터가 없습니다.","level":"error"}
{"message":"hello","level":"info"}
{"message":"GET /favicon.ico 라우터가 없습니다.","level":"error"}
{"message":"hello","level":"info"}
{"message":"GET /favicon.ico 라우터가 없습니다.","level":"error"}
{"message":"hello","level":"info"}
{"message":"GET /css/ajax-loader.gif 라우터가 없습니다.","level":"error"}
{"message":"hello","level":"info"}
{"message":"GET /favicon.ico 라우터가 없습니다.","level":"error"}
{"message":"hello","level":"info"}
{"message":"GET /favicon.ico 라우터가 없습니다.","level":"error"}
{"message":"hello","level":"info"}
{"message":"GET /css/ajax-loader.gif 라우터가 없습니다.","level":"error"}
{"message":"hello","level":"info"}
{"message":"GET /css/ajax-loader.gif 라우터가 없습니다.","level":"error"}
{"message":"hello","level":"info"}
{"message":"GET /css/ajax-loader.gif 라우터가 없습니다.","level":"error"}
{"message":"hello","level":"info"}
{"message":"GET /css/ajax-loader.gif 라우터가 없습니다.","level":"error"}
{"message":"hello","level":"info"}
{"message":"GET /css/ajax-loader.gif 라우터가 없습니다.","level":"error"}
{"message":"hello","level":"info"}
{"message":"GET /favicon.ico 라우터가 없습니다.","level":"error"}
{"message":"hello","level":"info"}
{"message":"GET /favicon.ico 라우터가 없습니다.","level":"error"}
{"message":"hello","level":"info"}
{"message":"GET /css/ajax-loader.gif 라우터가 없습니다.","level":"error"}
{"message":"hello","level":"info"}
{"message":"GET /css/ajax-loader.gif 라우터가 없습니다.","level":"error"}
{"message":"hello","level":"info"}
{"message":"GET /css/ajax-loader.gif 라우터가 없습니다.","level":"error"}
{"message":"hello","level":"info"}
{"message":"GET /css/ajax-loader.gif 라우터가 없습니다.","level":"error"}
{"message":"hello","level":"info"}
{"message":"GET /css/ajax-loader.gif 라우터가 없습니다.","level":"error"}
{"message":"hello","level":"info"}
{"message":"GET /css/ajax-loader.gif 라우터가 없습니다.","level":"error"}
{"message":"hello","level":"info"}
{"message":"GET /css/ajax-loader.gif 라우터가 없습니다.","level":"error"}
{"message":"hello","level":"info"}
{"message":"GET /css/ajax-loader.gif 라우터가 없습니다.","level":"error"}
{"message":"hello","level":"info"}
{"message":"GET /css/ajax-loader.gif 라우터가 없습니다.","level":"error"}
{"message":"hello","level":"info"}
{"message":"GET /favicon.ico 라우터가 없습니다.","level":"error"}
{"message":"hello","level":"info"}
{"message":"GET /css/ajax-loader.gif 라우터가 없습니다.","level":"error"}
{"message":"hello","level":"info"}
{"message":"GET /css/ajax-loader.gif 라우터가 없습니다.","level":"error"}
{"message":"hello","level":"info"}
{"message":"GET /css/ajax-loader.gif 라우터가 없습니다.","level":"error"}
{"message":"hello","level":"info"}
{"message":"GET /css/ajax-loader.gif 라우터가 없습니다.","level":"error"}
{"message":"hello","level":"info"}
{"message":"GET /css/ajax-loader.gif 라우터가 없습니다.","level":"error"}
{"message":"hello","level":"info"}
{"message":"GET /css/ajax-loader.gif 라우터가 없습니다.","level":"error"}
{"message":"hello","level":"info"}
{"message":"GET /css/ajax-loader.gif 라우터가 없습니다.","level":"error"}
{"message":"hello","level":"info"}
{"message":"GET /css/ajax-loader.gif 라우터가 없습니다.","level":"error"}
{"message":"hello","level":"info"}
{"message":"GET /css/ajax-loader.gif 라우터가 없습니다.","level":"error"}
{"message":"hello","level":"info"}
{"message":"GET /css/ajax-loader.gif 라우터가 없습니다.","level":"error"}
{"message":"hello","level":"info"}
{"message":"GET /css/ajax-loader.gif 라우터가 없습니다.","level":"error"}
{"message":"hello","level":"info"}
{"message":"GET /css/ajax-loader.gif 라우터가 없습니다.","level":"error"}
{"message":"hello","level":"info"}
{"message":"GET /css/ajax-loader.gif 라우터가 없습니다.","level":"error"}
{"message":"hello","level":"info"}
{"message":"GET /css/ajax-loader.gif 라우터가 없습니다.","level":"error"}
{"message":"hello","level":"info"}
{"message":"GET /css/ajax-loader.gif 라우터가 없습니다.","level":"error"}
{"message":"hello","level":"info"}
{"message":"GET /css/ajax-loader.gif 라우터가 없습니다.","level":"error"}
{"message":"hello","level":"info"}
{"message":"GET /css/ajax-loader.gif 라우터가 없습니다.","level":"error"}
{"message":"hello","level":"info"}
{"message":"GET /favicon.ico 라우터가 없습니다.","level":"error"}
{"message":"hello","level":"info"}
{"message":"GET /css/ajax-loader.gif 라우터가 없습니다.","level":"error"}
{"message":"hello","level":"info"}
{"message":"GET /favicon.ico 라우터가 없습니다.","level":"error"}
{"message":"hello","level":"info"}
{"message":"GET /favicon.ico 라우터가 없습니다.","level":"error"}
{"message":"hello","level":"info"}
{"message":"GET /favicon.ico 라우터가 없습니다.","level":"error"}
{"message":"hello","level":"info"}
{"message":"GET /favicon.ico 라우터가 없습니다.","level":"error"}
{"message":"hello","level":"info"}
{"message":"GET /css/ajax-loader.gif 라우터가 없습니다.","level":"error"}
{"message":"hello","level":"info"}
{"message":"GET /css/ajax-loader.gif 라우터가 없습니다.","level":"error"}
{"message":"hello","level":"info"}
{"message":"GET /css/ajax-loader.gif 라우터가 없습니다.","level":"error"}
{"message":"hello","level":"info"}
{"message":"GET /css/ajax-loader.gif 라우터가 없습니다.","level":"error"}
{"message":"hello","level":"info"}
{"message":"GET /css/ajax-loader.gif 라우터가 없습니다.","level":"error"}
{"message":"hello","level":"info"}
{"message":"GET /css/ajax-loader.gif 라우터가 없습니다.","level":"error"}
{"message":"hello","level":"info"}
{"message":"GET /css/ajax-loader.gif 라우터가 없습니다.","level":"error"}
{"message":"hello","level":"info"}
{"message":"GET /css/ajax-loader.gif 라우터가 없습니다.","level":"error"}
{"message":"hello","level":"info"}
{"message":"GET /favicon.ico 라우터가 없습니다.","level":"error"}
{"message":"hello","level":"info"}
{"message":"GET /search/css/reset.css 라우터가 없습니다.","level":"error"}
{"message":"hello","level":"info"}
{"message":"GET /search/css/main.css 라우터가 없습니다.","level":"error"}
{"message":"hello","level":"info"}
{"message":"GET /search/css/global.css 라우터가 없습니다.","level":"error"}
{"message":"hello","level":"info"}
{"message":"GET /search/js/search.js 라우터가 없습니다.","level":"error"}
{"message":"hello","level":"info"}
{"message":"GET /search/image/aaaa.png 라우터가 없습니다.","level":"error"}
{"message":"hello","level":"info"}
{"message":"GET /search/css/reset.css 라우터가 없습니다.","level":"error"}
{"message":"hello","level":"info"}
{"message":"GET /search/css/main.css 라우터가 없습니다.","level":"error"}
{"message":"hello","level":"info"}
{"message":"GET /search/css/global.css 라우터가 없습니다.","level":"error"}
{"message":"hello","level":"info"}
{"message":"GET /search/js/search.js 라우터가 없습니다.","level":"error"}
{"message":"hello","level":"info"}
{"message":"GET /search/image/aaaa.png 라우터가 없습니다.","level":"error"}
{"message":"hello","level":"info"}
{"message":"GET /search/css/reset.css 라우터가 없습니다.","level":"error"}
{"message":"hello","level":"info"}
{"message":"GET /search/css/main.css 라우터가 없습니다.","level":"error"}
{"message":"hello","level":"info"}
{"message":"GET /search/css/global.css 라우터가 없습니다.","level":"error"}
{"message":"hello","level":"info"}
{"message":"GET /search/js/search.js 라우터가 없습니다.","level":"error"}
{"message":"hello","level":"info"}
{"message":"GET /search/image/aaaa.png 라우터가 없습니다.","level":"error"}
{"message":"hello","level":"info"}
{"message":"GET /search/css/reset.css 라우터가 없습니다.","level":"error"}
{"message":"hello","level":"info"}
{"message":"GET /search/css/main.css 라우터가 없습니다.","level":"error"}
{"message":"hello","level":"info"}
{"message":"GET /search/css/global.css 라우터가 없습니다.","level":"error"}
{"message":"hello","level":"info"}
{"message":"GET /search/js/search.js 라우터가 없습니다.","level":"error"}
{"message":"hello","level":"info"}
{"message":"GET /search/image/aaaa.png 라우터가 없습니다.","level":"error"}
{"message":"hello","level":"info"}
{"message":"GET /search/css/reset.css 라우터가 없습니다.","level":"error"}
{"message":"hello","level":"info"}
{"message":"GET /search/css/global.css 라우터가 없습니다.","level":"error"}
{"message":"hello","level":"info"}
{"message":"GET /search/css/main.css 라우터가 없습니다.","level":"error"}
{"message":"hello","level":"info"}
{"message":"GET /search/js/search.js 라우터가 없습니다.","level":"error"}
{"message":"hello","level":"info"}
{"message":"GET /search/image/aaaa.png 라우터가 없습니다.","level":"error"}
{"message":"hello","level":"info"}
{"message":"GET /search/css/main.css 라우터가 없습니다.","level":"error"}
{"message":"hello","level":"info"}
{"message":"GET /search/css/reset.css 라우터가 없습니다.","level":"error"}
{"message":"hello","level":"info"}
{"message":"GET /search/css/global.css 라우터가 없습니다.","level":"error"}
{"message":"hello","level":"info"}
{"message":"GET /favicon.ico 라우터가 없습니다.","level":"error"}
{"message":"hello","level":"info"}
{"message":"GET /search/css/main.css 라우터가 없습니다.","level":"error"}
{"message":"hello","level":"info"}
{"message":"GET /search/css/reset.css 라우터가 없습니다.","level":"error"}
{"message":"hello","level":"info"}
{"message":"GET /search/css/global.css 라우터가 없습니다.","level":"error"}
{"message":"hello","level":"info"}
{"message":"GET /search/js/search.js 라우터가 없습니다.","level":"error"}
{"message":"hello","level":"info"}
{"message":"GET /search/image/aaaa.png 라우터가 없습니다.","level":"error"}
{"message":"hello","level":"info"}
{"message":"GET /search/css/reset.css 라우터가 없습니다.","level":"error"}
{"message":"hello","level":"info"}
{"message":"GET /search/css/main.css 라우터가 없습니다.","level":"error"}
{"message":"hello","level":"info"}
{"message":"GET /search/css/global.css 라우터가 없습니다.","level":"error"}
{"message":"hello","level":"info"}
{"message":"GET /search/image/aaaa.png 라우터가 없습니다.","level":"error"}
{"message":"hello","level":"info"}
{"message":"GET /search/js/search.js 라우터가 없습니다.","level":"error"}
{"message":"hello","level":"info"}
{"message":"GET /search/css/reset.css 라우터가 없습니다.","level":"error"}
{"message":"hello","level":"info"}
{"message":"GET /search/css/main.css 라우터가 없습니다.","level":"error"}
{"message":"hello","level":"info"}
{"message":"GET /search/css/global.css 라우터가 없습니다.","level":"error"}
{"message":"hello","level":"info"}
{"message":"GET /search/js/search.js 라우터가 없습니다.","level":"error"}
{"message":"hello","level":"info"}
{"message":"GET /search/image/aaaa.png 라우터가 없습니다.","level":"error"}
{"message":"hello","level":"info"}
{"message":"GET /search/image/favicon.png 라우터가 없습니다.","level":"error"}
{"message":"hello","level":"info"}
{"message":"GET /search/image/favicon.png 라우터가 없습니다.","level":"error"}
{"message":"hello","level":"info"}
{"message":"GET /search/image/favicon.png 라우터가 없습니다.","level":"error"}
{"message":"hello","level":"info"}
{"message":"GET /search/image/favicon.png 라우터가 없습니다.","level":"error"}
{"message":"hello","level":"info"}
{"message":"GET /search/image/favicon.png 라우터가 없습니다.","level":"error"}
{"message":"hello","level":"info"}
{"message":"GET /css/ajax-loader.gif 라우터가 없습니다.","level":"error"}
{"message":"hello","level":"info"}
{"message":"GET /favicon.ico 라우터가 없습니다.","level":"error"}
{"message":"hello","level":"info"}
{"message":"GET /css/ajax-loader.gif 라우터가 없습니다.","level":"error"}
{"message":"hello","level":"info"}
{"message":"GET /favicon.ico 라우터가 없습니다.","level":"error"}
{"message":"hello","level":"info"}
{"message":"GET /css/ajax-loader.gif 라우터가 없습니다.","level":"error"}
{"message":"hello","level":"info"}
{"message":"GET /css/ajax-loader.gif 라우터가 없습니다.","level":"error"}
{"message":"hello","level":"info"}
{"message":"GET /css/ajax-loader.gif 라우터가 없습니다.","level":"error"}
{"message":"hello","level":"info"}
{"message":"GET /css/ajax-loader.gif 라우터가 없습니다.","level":"error"}
{"message":"hello","level":"info"}
{"message":"GET /css/ajax-loader.gif 라우터가 없습니다.","level":"error"}
{"message":"hello","level":"info"}
{"message":"GET /css/ajax-loader.gif 라우터가 없습니다.","level":"error"}
{"message":"hello","level":"info"}
{"message":"GET /search/image/favicon.png 라우터가 없습니다.","level":"error"}
{"message":"hello","level":"info"}
{"message":"GET /css/ajax-loader.gif 라우터가 없습니다.","level":"error"}
{"message":"hello","level":"info"}
{"message":"GET /favicon.ico 라우터가 없습니다.","level":"error"}
{"message":"hello","level":"info"}
{"message":"GET /css/ajax-loader.gif 라우터가 없습니다.","level":"error"}
{"message":"hello","level":"info"}
{"message":"GET /css/ajax-loader.gif 라우터가 없습니다.","level":"error"}
{"message":"hello","level":"info"}
{"message":"GET /css/ajax-loader.gif 라우터가 없습니다.","level":"error"}
{"message":"hello","level":"info"}
{"message":"GET /css/ajax-loader.gif 라우터가 없습니다.","level":"error"}
{"message":"hello","level":"info"}
{"message":"GET /css/ajax-loader.gif 라우터가 없습니다.","level":"error"}
{"message":"hello","level":"info"}
{"message":"GET /authNum?error=%EB%B2%88%ED%98%B8%EA%B0%80%20%EC%9D%BC%EC%B9%98%ED%95%98%EC%A7%80%20%EC%95%8A%EC%8A%B5%EB%8B%88%EB%8B%A4. 라우터가 없습니다.","level":"error"}
{"message":"hello","level":"info"}
{"message":"GET /authNum?error=%EB%B2%88%ED%98%B8%EA%B0%80%20%EC%9D%BC%EC%B9%98%ED%95%98%EC%A7%80%20%EC%95%8A%EC%8A%B5%EB%8B%88%EB%8B%A4. 라우터가 없습니다.","level":"error"}
{"message":"hello","level":"info"}
{"message":"GET /authNum?error=%EB%B2%88%ED%98%B8%EA%B0%80%20%EC%9D%BC%EC%B9%98%ED%95%98%EC%A7%80%20%EC%95%8A%EC%8A%B5%EB%8B%88%EB%8B%A4. 라우터가 없습니다.","level":"error"}
{"message":"hello","level":"info"}
{"message":"GET /authNum?error=%EB%B2%88%ED%98%B8%EA%B0%80%20%EC%9D%BC%EC%B9%98%ED%95%98%EC%A7%80%20%EC%95%8A%EC%8A%B5%EB%8B%88%EB%8B%A4. 라우터가 없습니다.","level":"error"}
{"message":"hello","level":"info"}
{"message":"GET /authNum?error=%EB%B2%88%ED%98%B8%EA%B0%80%20%EC%9D%BC%EC%B9%98%ED%95%98%EC%A7%80%20%EC%95%8A%EC%8A%B5%EB%8B%88%EB%8B%A4. 라우터가 없습니다.","level":"error"}
{"message":"hello","level":"info"}
{"message":"GET /authNum?error=%EB%B2%88%ED%98%B8%EA%B0%80%20%EC%9D%BC%EC%B9%98%ED%95%98%EC%A7%80%20%EC%95%8A%EC%8A%B5%EB%8B%88%EB%8B%A4. 라우터가 없습니다.","level":"error"}
{"message":"hello","level":"info"}
{"message":"GET /authNum?error=%EB%B2%88%ED%98%B8%EA%B0%80%20%EC%9D%BC%EC%B9%98%ED%95%98%EC%A7%80%20%EC%95%8A%EC%8A%B5%EB%8B%88%EB%8B%A4. 라우터가 없습니다.","level":"error"}
{"message":"hello","level":"info"}
{"message":"GET /authNum?error=%EB%B2%88%ED%98%B8%EA%B0%80%20%EC%9D%BC%EC%B9%98%ED%95%98%EC%A7%80%20%EC%95%8A%EC%8A%B5%EB%8B%88%EB%8B%A4. 라우터가 없습니다.","level":"error"}
{"message":"hello","level":"info"}
{"message":"GET /authNum?error=%EB%B2%88%ED%98%B8%EA%B0%80%20%EC%9D%BC%EC%B9%98%ED%95%98%EC%A7%80%20%EC%95%8A%EC%8A%B5%EB%8B%88%EB%8B%A4. 라우터가 없습니다.","level":"error"}
{"message":"hello","level":"info"}
{"message":"GET /css/ajax-loader.gif 라우터가 없습니다.","level":"error"}
{"message":"hello","level":"info"}
{"message":"GET /css/ajax-loader.gif 라우터가 없습니다.","level":"error"}
{"message":"hello","level":"info"}
{"message":"GET /css/ajax-loader.gif 라우터가 없습니다.","level":"error"}
{"message":"hello","level":"info"}
{"message":"GET /css/ajax-loader.gif 라우터가 없습니다.","level":"error"}
{"message":"hello","level":"info"}
{"message":"GET /css/ajax-loader.gif 라우터가 없습니다.","level":"error"}
{"message":"hello","level":"info"}
{"message":"GET /css/ajax-loader.gif 라우터가 없습니다.","level":"error"}
{"message":"hello","level":"info"}
{"message":"GET /authNum?error=%EB%B2%88%ED%98%B8%EA%B0%80%20%EC%9D%BC%EC%B9%98%ED%95%98%EC%A7%80%20%EC%95%8A%EC%8A%B5%EB%8B%88%EB%8B%A4. 라우터가 없습니다.","level":"error"}
{"message":"hello","level":"info"}
{"message":"GET /authNum?error=%EB%B2%88%ED%98%B8%EA%B0%80%20%EC%9D%BC%EC%B9%98%ED%95%98%EC%A7%80%20%EC%95%8A%EC%8A%B5%EB%8B%88%EB%8B%A4. 라우터가 없습니다.","level":"error"}
{"message":"hello","level":"info"}
{"message":"GET /css/ajax-loader.gif 라우터가 없습니다.","level":"error"}
{"message":"hello","level":"info"}
{"message":"GET /css/ajax-loader.gif 라우터가 없습니다.","level":"error"}
{"message":"hello","level":"info"}
{"message":"GET /css/ajax-loader.gif 라우터가 없습니다.","level":"error"}
{"message":"hello","level":"info"}
{"message":"GET /search/image/favicon.png 라우터가 없습니다.","level":"error"}
{"message":"hello","level":"info"}
{"message":"GET /favicon.ico 라우터가 없습니다.","level":"error"}
{"message":"hello","level":"info"}
{"message":"GET /css/ajax-loader.gif 라우터가 없습니다.","level":"error"}
{"message":"hello","level":"info"}
{"message":"GET /css/ajax-loader.gif 라우터가 없습니다.","level":"error"}
{"message":"hello","level":"info"}
{"message":"GET /css/ajax-loader.gif 라우터가 없습니다.","level":"error"}
{"message":"hello","level":"info"}
{"message":"GET /css/ajax-loader.gif 라우터가 없습니다.","level":"error"}
{"message":"hello","level":"info"}
{"message":"GET /css/ajax-loader.gif 라우터가 없습니다.","level":"error"}
{"message":"hello","level":"info"}
{"message":"GET /css/ajax-loader.gif 라우터가 없습니다.","level":"error"}
{"message":"hello","level":"info"}
{"message":"GET /css/ajax-loader.gif 라우터가 없습니다.","level":"error"}
{"message":"hello","level":"info"}
{"message":"GET /css/ajax-loader.gif 라우터가 없습니다.","level":"error"}
{"message":"hello","level":"info"}
{"message":"GET /css/ajax-loader.gif 라우터가 없습니다.","level":"error"}
{"message":"hello","level":"info"}
{"message":"GET /css/ajax-loader.gif 라우터가 없습니다.","level":"error"}
{"message":"hello","level":"info"}
{"message":"GET /css/ajax-loader.gif 라우터가 없습니다.","level":"error"}
{"message":"hello","level":"info"}
{"message":"GET /css/ajax-loader.gif 라우터가 없습니다.","level":"error"}
{"message":"hello","level":"info"}
{"message":"GET /css/ajax-loader.gif 라우터가 없습니다.","level":"error"}
{"message":"hello","level":"info"}
{"message":"GET /css/ajax-loader.gif 라우터가 없습니다.","level":"error"}
{"message":"hello","level":"info"}
{"message":"GET /css/ajax-loader.gif 라우터가 없습니다.","level":"error"}
{"message":"hello","level":"info"}
{"message":"GET /css/ajax-loader.gif 라우터가 없습니다.","level":"error"}
{"message":"hello","level":"info"}
{"message":"GET /css/ajax-loader.gif 라우터가 없습니다.","level":"error"}
{"message":"hello","level":"info"}
{"message":"GET /css/ajax-loader.gif 라우터가 없습니다.","level":"error"}
{"message":"hello","level":"info"}
{"message":"GET /css/ajax-loader.gif 라우터가 없습니다.","level":"error"}
{"message":"hello","level":"info"}
{"message":"GET /css/ajax-loader.gif 라우터가 없습니다.","level":"error"}
{"message":"hello","level":"info"}
{"message":"GET /favicon.ico 라우터가 없습니다.","level":"error"}
{"message":"hello","level":"info"}
{"message":"GET /favicon.ico 라우터가 없습니다.","level":"error"}
{"message":"hello","level":"info"}
{"message":"GET /css/ajax-loader.gif 라우터가 없습니다.","level":"error"}
{"message":"hello","level":"info"}
{"message":"GET /css/ajax-loader.gif 라우터가 없습니다.","level":"error"}
{"message":"hello","level":"info"}
{"message":"GET /css/ajax-loader.gif 라우터가 없습니다.","level":"error"}
{"message":"hello","level":"info"}
{"message":"GET /search/image/favicon.png 라우터가 없습니다.","level":"error"}
