{"message":"GET /css/ajax-loader.gif 라우터가 없습니다.","level":"error"}
{"message":"GET /css/ajax-loader.gif 라우터가 없습니다.","level":"error"}
{"message":"GET /css/ajax-loader.gif 라우터가 없습니다.","level":"error"}
{"message":"GET /css/ajax-loader.gif 라우터가 없습니다.","level":"error"}
{"message":"GET /css/ajax-loader.gif 라우터가 없습니다.","level":"error"}
{"message":"GET /css/ajax-loader.gif 라우터가 없습니다.","level":"error"}
{"message":"GET /css/ajax-loader.gif 라우터가 없습니다.","level":"error"}
{"message":"GET /favicon.ico 라우터가 없습니다.","level":"error"}
{"message":"GET /css/ajax-loader.gif 라우터가 없습니다.","level":"error"}
{"message":"GET /css/ajax-loader.gif 라우터가 없습니다.","level":"error"}
{"message":"GET /favicon.ico 라우터가 없습니다.","level":"error"}
{"message":"GET /favicon.ico 라우터가 없습니다.","level":"error"}
{"message":"GET /favicon.ico 라우터가 없습니다.","level":"error"}
{"message":"GET /favicon.ico 라우터가 없습니다.","level":"error"}
{"message":"GET /favicon.ico 라우터가 없습니다.","level":"error"}
{"message":"GET /request/css/reset.css 라우터가 없습니다.","level":"error"}
{"message":"GET /request/css/requestList.css 라우터가 없습니다.","level":"error"}
{"message":"GET /request/css/global.css 라우터가 없습니다.","level":"error"}
{"message":"GET /request/js/requestList.js 라우터가 없습니다.","level":"error"}
{"message":"GET /request/js/search.js 라우터가 없습니다.","level":"error"}
{"message":"GET /request/image/aaaa.png 라우터가 없습니다.","level":"error"}
{"message":"GET /favicon.ico 라우터가 없습니다.","level":"error"}
{"message":"GET /favicon.ico 라우터가 없습니다.","level":"error"}
{"message":"GET /favicon.ico 라우터가 없습니다.","level":"error"}
{"message":"GET /favicon.ico 라우터가 없습니다.","level":"error"}
{"message":"GET /favicon.ico 라우터가 없습니다.","level":"error"}
{"message":"GET /favicon.ico 라우터가 없습니다.","level":"error"}
{"message":"GET /favicon.ico 라우터가 없습니다.","level":"error"}
{"message":"GET /favicon.ico 라우터가 없습니다.","level":"error"}
{"message":"GET /favicon.ico 라우터가 없습니다.","level":"error"}
{"message":"GET /favicon.ico 라우터가 없습니다.","level":"error"}
{"message":"GET /css/ajax-loader.gif 라우터가 없습니다.","level":"error"}
{"message":"GET /css/ajax-loader.gif 라우터가 없습니다.","level":"error"}
{"message":"GET /css/ajax-loader.gif 라우터가 없습니다.","level":"error"}
{"message":"GET /css/ajax-loader.gif 라우터가 없습니다.","level":"error"}
{"message":"GET /css/ajax-loader.gif 라우터가 없습니다.","level":"error"}
{"message":"GET /css/ajax-loader.gif 라우터가 없습니다.","level":"error"}
{"message":"GET /css/ajax-loader.gif 라우터가 없습니다.","level":"error"}
{"message":"GET /css/ajax-loader.gif 라우터가 없습니다.","level":"error"}
{"message":"GET /css/ajax-loader.gif 라우터가 없습니다.","level":"error"}
{"message":"GET /css/ajax-loader.gif 라우터가 없습니다.","level":"error"}
{"message":"GET /css/ajax-loader.gif 라우터가 없습니다.","level":"error"}
{"message":"GET /css/ajax-loader.gif 라우터가 없습니다.","level":"error"}
{"message":"GET /css/ajax-loader.gif 라우터가 없습니다.","level":"error"}
{"message":"GET /favicon.ico 라우터가 없습니다.","level":"error"}
{"message":"GET /favicon.ico 라우터가 없습니다.","level":"error"}
